[2025-08-31 23:23:28.985] Run started.
[2025-08-31 23:23:28.985] Starting run with the following configuration:
{
  "output_file_prefix": "Voxel_Blend_Processed_",
  "input_mode": "folder",
  "input_folder": "test_data",
  "output_folder": "test_output",
  "start_index": 0,
  "stop_index": null,
  "uvtools_path": "C:\\Program Files\\UVTools\\UVToolsCmd.exe",
  "uvtools_temp_folder": "test_output",
  "uvtools_input_file": "",
  "uvtools_output_location": "working_folder",
  "uvtools_delete_temp_on_completion": true,
  "blending_mode": "enhanced_edt",
  "receding_layers": 2,
  "use_fixed_fade_receding": false,
  "fixed_fade_distance_receding": 15,
  "voxel_x_um": 25,
  "voxel_y_um": 25,
  "voxel_z_um": 75,
  "weighted_falloff_type": "Linear",
  "manual_weights": [
    100,
    75,
    50,
    25
  ],
  "fade_distances_receding": [
    10.0,
    10.0,
    10.0,
    10.0
  ],
  "overhang_layers": 0,
  "use_fixed_fade_overhang": false,
  "fixed_fade_distance_overhang": 10.0,
  "roi_params": {
    "min_size": 100,
    "enable_raft_support_handling": false,
    "raft_layer_count": 5,
    "raft_min_size": 10000,
    "support_max_size": 500,
    "support_max_layer": 1000,
    "support_max_growth": 2.5
  },
  "thread_count": 3,
  "use_numba_jit": false,
  "debug_save": false,
  "use_zarr": true,
  "save_zarr": true,
  "xy_blend_pipeline": [
    {
      "type": "none",
      "gaussian_ksize_x": 3,
      "gaussian_ksize_y": 3,
      "gaussian_sigma_x": 0.0,
      "gaussian_sigma_y": 0.0,
      "bilateral_d": 9,
      "bilateral_sigma_color": 75.0,
      "bilateral_sigma_space": 75.0,
      "median_ksize": 5,
      "unsharp_amount": 1.0,
      "unsharp_threshold": 0,
      "unsharp_blur_ksize": 5,
      "unsharp_blur_sigma": 0.0,
      "resize_width": null,
      "resize_height": null,
      "resample_mode": "LANCZOS4",
      "anisotropic_correction": false,
      "lut_params": {
        "lut_source": "generated",
        "lut_generation_type": "linear",
        "input_min": 0,
        "input_max": 255,
        "output_min": 0,
        "output_max": 255,
        "gamma_value": 1.0,
        "s_curve_contrast": 0.5,
        "log_param": 10.0,
        "exp_param": 2.0,
        "sqrt_param": 2.0,
        "rodbard_param": 1.0,
        "spline_points": [
          [
            0,
            0
          ],
          [
            255,
            255
          ]
        ],
        "fixed_lut_path": ""
      }
    },
    {
      "type": "gaussian_blur",
      "gaussian_ksize_x": 5,
      "gaussian_ksize_y": 5,
      "gaussian_sigma_x": 0.0,
      "gaussian_sigma_y": 0.0,
      "bilateral_d": 9,
      "bilateral_sigma_color": 75.0,
      "bilateral_sigma_space": 75.0,
      "median_ksize": 5,
      "unsharp_amount": 1.0,
      "unsharp_threshold": 0,
      "unsharp_blur_ksize": 5,
      "unsharp_blur_sigma": 0.0,
      "resize_width": null,
      "resize_height": null,
      "resample_mode": "LANCZOS4",
      "anisotropic_correction": true,
      "lut_params": {
        "lut_source": "generated",
        "lut_generation_type": "linear",
        "input_min": 0,
        "input_max": 255,
        "output_min": 0,
        "output_max": 255,
        "gamma_value": 1.0,
        "s_curve_contrast": 0.5,
        "log_param": 10.0,
        "exp_param": 2.0,
        "sqrt_param": 2.0,
        "rodbard_param": 1.0,
        "spline_points": [
          [
            0,
            0
          ],
          [
            255,
            255
          ]
        ],
        "fixed_lut_path": ""
      }
    }
  ]
}
[2025-08-31 23:23:28.986] --------------------
[2025-08-31 23:23:28.986] Found 3 images to process.
[2025-08-31 23:23:28.992] CRITICAL ERROR in pipeline: A critical error occurred in the processing pipeline: module 'zarr.storage' has no attribute 'DirectoryStore'

Traceback (most recent call last):
  File "/app/zarr_processing_pipeline.py", line 140, in run
    input_store = zarr.storage.DirectoryStore(zarr_input_dir)
                  ^^^^^^^^^^^^^^^^^^^^^^^^^^^
AttributeError: module 'zarr.storage' has no attribute 'DirectoryStore'

[2025-08-31 23:23:28.993] Run finalizing.
[2025-08-31 23:23:28.993] Run failed due to an error.
[2025-08-31 23:23:28.993] Total execution time: 0:00:00.008141
